Using pre-set license
Built from '2020.3/staging' branch; Version is '2020.3.18f1 (a7d1c678663c) revision 10998214'; Using compiler version '192528614'; Build Type 'Release'
OS: 'Windows 10 Home; OS build 22000.556; Version 2009; 64bit' Language: 'en' Physical Memory: 16300 MB
BatchMode: 1, IsHumanControllingUs: 0, StartBugReporterOnCrash: 0, Is64bit: 1, IsPro: 0

COMMAND LINE ARGUMENTS:
C:\Program Files\Unity\Hub\Editor\2020.3.18f1\Editor\Unity.exe
-adb2
-batchMode
-noUpm
-name
AssetImportWorker0
-projectPath
E:/UnityProjects/CS491-Slacker/Slacker
-logFile
Logs/AssetImportWorker0.log
-srvPort
52098
Successfully changed project path to: E:/UnityProjects/CS491-Slacker/Slacker
E:/UnityProjects/CS491-Slacker/Slacker
Using Asset Import Pipeline V2.
Refreshing native plugins compatible for Editor in 44.21 ms, found 2 plugins.
Preloading 0 native plugins for Editor in 0.00 ms.
Initialize engine version: 2020.3.18f1 (a7d1c678663c)
[Subsystems] Discovering subsystems at path C:/Program Files/Unity/Hub/Editor/2020.3.18f1/Editor/Data/Resources/UnitySubsystems
[Subsystems] Discovering subsystems at path E:/UnityProjects/CS491-Slacker/Slacker/Assets
GfxDevice: creating device client; threaded=0
Direct3D:
    Version:  Direct3D 11.0 [level 11.1]
    Renderer: NVIDIA GeForce RTX 2070 (ID=0x1f07)
    Vendor:   
    VRAM:     8031 MB
    Driver:   30.0.15.1179
Initialize mono
Mono path[0] = 'C:/Program Files/Unity/Hub/Editor/2020.3.18f1/Editor/Data/Managed'
Mono path[1] = 'C:/Program Files/Unity/Hub/Editor/2020.3.18f1/Editor/Data/MonoBleedingEdge/lib/mono/unityjit'
Mono config path = 'C:/Program Files/Unity/Hub/Editor/2020.3.18f1/Editor/Data/MonoBleedingEdge/etc'
Using monoOptions --debugger-agent=transport=dt_socket,embedding=1,server=y,suspend=n,address=127.0.0.1:56464
Begin MonoManager ReloadAssembly
Registering precompiled unity dll's ...
Register platform support module: C:/Program Files/Unity/Hub/Editor/2020.3.18f1/Editor/Data/PlaybackEngines/WindowsStandaloneSupport/UnityEditor.WindowsStandalone.Extensions.dll
Registered in 0.001471 seconds.
Native extension for WindowsStandalone target not found
Refreshing native plugins compatible for Editor in 40.05 ms, found 2 plugins.
Preloading 0 native plugins for Editor in 0.00 ms.
Mono: successfully reloaded assembly
- Completed reload, in  0.956 seconds
Domain Reload Profiling:
	ReloadAssembly (956ms)
		BeginReloadAssembly (51ms)
			ExecutionOrderSort (0ms)
			DisableScriptedObjects (0ms)
			BackupInstance (0ms)
			ReleaseScriptingObjects (0ms)
			CreateAndSetChildDomain (1ms)
		EndReloadAssembly (372ms)
			LoadAssemblies (49ms)
			RebuildTransferFunctionScriptingTraits (0ms)
			SetupTypeCache (132ms)
			ReleaseScriptCaches (0ms)
			RebuildScriptCaches (27ms)
			SetupLoadedEditorAssemblies (151ms)
				LogAssemblyErrors (0ms)
				InitializePlatformSupportModulesInManaged (3ms)
				SetLoadedEditorAssemblies (0ms)
				RefreshPlugins (40ms)
				BeforeProcessingInitializeOnLoad (14ms)
				ProcessInitializeOnLoadAttributes (68ms)
				ProcessInitializeOnLoadMethodAttributes (25ms)
				AfterProcessingInitializeOnLoad (0ms)
				EditorAssembliesLoaded (0ms)
			ExecutionOrderSort2 (0ms)
			AwakeInstancesAfterBackupRestoration (0ms)
Platform modules already initialized, skipping
Registering precompiled user dll's ...
Registered in 0.003779 seconds.
Begin MonoManager ReloadAssembly
Native extension for WindowsStandalone target not found
Refreshing native plugins compatible for Editor in 0.46 ms, found 2 plugins.
Preloading 0 native plugins for Editor in 0.00 ms.
Mono: successfully reloaded assembly
- Completed reload, in  0.907 seconds
Domain Reload Profiling:
	ReloadAssembly (908ms)
		BeginReloadAssembly (131ms)
			ExecutionOrderSort (0ms)
			DisableScriptedObjects (4ms)
			BackupInstance (0ms)
			ReleaseScriptingObjects (0ms)
			CreateAndSetChildDomain (17ms)
		EndReloadAssembly (721ms)
			LoadAssemblies (81ms)
			RebuildTransferFunctionScriptingTraits (0ms)
			SetupTypeCache (236ms)
			ReleaseScriptCaches (0ms)
			RebuildScriptCaches (37ms)
			SetupLoadedEditorAssemblies (279ms)
				LogAssemblyErrors (0ms)
				InitializePlatformSupportModulesInManaged (4ms)
				SetLoadedEditorAssemblies (0ms)
				RefreshPlugins (1ms)
				BeforeProcessingInitializeOnLoad (71ms)
				ProcessInitializeOnLoadAttributes (193ms)
				ProcessInitializeOnLoadMethodAttributes (4ms)
				AfterProcessingInitializeOnLoad (6ms)
				EditorAssembliesLoaded (0ms)
			ExecutionOrderSort2 (0ms)
			AwakeInstancesAfterBackupRestoration (6ms)
Platform modules already initialized, skipping
========================================================================
Worker process is ready to serve import requests
Launched and connected shader compiler UnityShaderCompiler.exe after 0.04 seconds
Refreshing native plugins compatible for Editor in 0.49 ms, found 2 plugins.
Preloading 0 native plugins for Editor in 0.00 ms.
Unloading 1396 Unused Serialized files (Serialized files now loaded: 0)
System memory in use before: 66.2 MB.
System memory in use after: 66.2 MB.

Unloading 16 unused Assets to reduce memory usage. Loaded Objects now: 1831.
Total: 2.717700 ms (FindLiveObjects: 0.115500 ms CreateObjectMapping: 0.034400 ms MarkObjects: 2.471800 ms  DeleteObjects: 0.095100 ms)

AssetImportParameters requested are different than current active one (requested -> active):
  custom:framework-win-MediaFoundation: 216162199b28c13a410421893ffa2e32 -> 
  custom:video-decoder-ogg-theora: a1e56fd34408186e4bbccfd4996cb3dc -> 
  custom:container-muxer-webm: aa71ff27fc2769a1b78a27578f13a17b -> 
  custom:container-demuxer-webm: 4f35f7cbe854078d1ac9338744f61a02 -> 
  custom:container-demuxer-ogg: 62fdf1f143b41e24485cea50d1cbac27 -> 
  custom:video-encoder-webm-vp8: eb34c28f22e8b96e1ab97ce403110664 -> 
  custom:video-decoder-webm-vp8: 9c59270c3fd7afecdb556c50c9e8de78 -> 
  custom:audio-decoder-ogg-vorbis: bf7c407c2cedff20999df2af8eb42d56 -> 
  custom:audio-encoder-webm-vorbis: bf7c407c2cedff20999df2af8eb42d56 -> 
========================================================================
Received Import Request.
  path: Assets/Scenes
  artifactKey: Guid(eb770145d4fa92d4f9f1db5549ef6d9e) Importer(815301076,1909f56bfc062723c751e8b465ee728b)
Start importing Assets/Scenes using Guid(eb770145d4fa92d4f9f1db5549ef6d9e) Importer(815301076,1909f56bfc062723c751e8b465ee728b)  -> (artifact id: 'eec88ab915eb7875110287ffe1c48123') in 0.021260 seconds 
  Import took 0.023182 seconds .

========================================================================
Received Import Request.
  Time since last request: 74.643858 seconds.
  path: Assets/PolygonOffice/Materials
  artifactKey: Guid(9f7d5d1ab25bdf14aa179515433eeb06) Importer(815301076,1909f56bfc062723c751e8b465ee728b)
Start importing Assets/PolygonOffice/Materials using Guid(9f7d5d1ab25bdf14aa179515433eeb06) Importer(815301076,1909f56bfc062723c751e8b465ee728b)  -> (artifact id: '22006b0222d1f959d6a00e52127c8f8d') in 0.003372 seconds 
  Import took 0.006726 seconds .

========================================================================
Received Import Request.
  Time since last request: 0.000201 seconds.
  path: Assets/PolygonOffice/Materials
  artifactKey: Guid(9f7d5d1ab25bdf14aa179515433eeb06) Importer(815301076,1909f56bfc062723c751e8b465ee728b)
Start importing Assets/PolygonOffice/Materials using Guid(9f7d5d1ab25bdf14aa179515433eeb06) Importer(815301076,1909f56bfc062723c751e8b465ee728b)  -> (artifact id: '22006b0222d1f959d6a00e52127c8f8d') in 0.002419 seconds 
  Import took 0.006114 seconds .

========================================================================
Received Import Request.
  Time since last request: 0.178758 seconds.
  path: Assets/PolygonOffice/Materials/PolygonOffice_Material_01_A.mat
  artifactKey: Guid(2f834016e53f12c42a12baecd4450e34) Importer(815301076,1909f56bfc062723c751e8b465ee728b)
Start importing Assets/PolygonOffice/Materials/PolygonOffice_Material_01_A.mat using Guid(2f834016e53f12c42a12baecd4450e34) Importer(815301076,1909f56bfc062723c751e8b465ee728b)  -> (artifact id: 'ee9f3087d622afb47b5245bb02905bd4') in 0.617837 seconds 
  Import took 0.620585 seconds .

========================================================================
Received Import Request.
  Time since last request: 0.000284 seconds.
  path: Assets/PolygonOffice/Materials/PolygonOffice_Material_02_A.mat
  artifactKey: Guid(8b0a463281755ef4487381aff7b669d2) Importer(815301076,1909f56bfc062723c751e8b465ee728b)
Start importing Assets/PolygonOffice/Materials/PolygonOffice_Material_02_A.mat using Guid(8b0a463281755ef4487381aff7b669d2) Importer(815301076,1909f56bfc062723c751e8b465ee728b)  -> (artifact id: 'f30a819b95d68e5770a0aaccc5e7cd7c') in 0.086911 seconds 
  Import took 0.089539 seconds .

========================================================================
Received Import Request.
  Time since last request: 0.000269 seconds.
  path: Assets/PolygonOffice/Materials/PolygonOffice_Material_03_A.mat
  artifactKey: Guid(c648aa29e04ae994292fdd683107d568) Importer(815301076,1909f56bfc062723c751e8b465ee728b)
Start importing Assets/PolygonOffice/Materials/PolygonOffice_Material_03_A.mat using Guid(c648aa29e04ae994292fdd683107d568) Importer(815301076,1909f56bfc062723c751e8b465ee728b)  -> (artifact id: 'f0d6924ab60efaf52aa00b90cfec2e90') in 0.082924 seconds 
  Import took 0.085385 seconds .

========================================================================
Received Import Request.
  Time since last request: 0.000260 seconds.
  path: Assets/PolygonOffice/Materials/PolygonOffice_Material_Glass.mat
  artifactKey: Guid(d71c534a86de0e1409d44aa86be7d45e) Importer(815301076,1909f56bfc062723c751e8b465ee728b)
Start importing Assets/PolygonOffice/Materials/PolygonOffice_Material_Glass.mat using Guid(d71c534a86de0e1409d44aa86be7d45e) Importer(815301076,1909f56bfc062723c751e8b465ee728b)  -> (artifact id: '6bdb2c44dc27758fff37dd14e2b85036') in 0.222417 seconds 
  Import took 0.225288 seconds .

========================================================================
Received Import Request.
  Time since last request: 0.000279 seconds.
  path: Assets/PolygonOffice/Materials/PolygonOffice_Material_04_A.mat
  artifactKey: Guid(6d08a61443859d747a9ec3b1d1b5116f) Importer(815301076,1909f56bfc062723c751e8b465ee728b)
Start importing Assets/PolygonOffice/Materials/PolygonOffice_Material_04_A.mat using Guid(6d08a61443859d747a9ec3b1d1b5116f) Importer(815301076,1909f56bfc062723c751e8b465ee728b)  -> (artifact id: '34f28062d5dabd654aa97dfe5edfd49e') in 0.131270 seconds 
  Import took 0.133656 seconds .

========================================================================
Received Import Request.
  Time since last request: 0.589016 seconds.
  path: Assets/PolygonOffice/Materials/Misc
  artifactKey: Guid(4bff11df8e3810a42b46019ba16afba4) Importer(815301076,1909f56bfc062723c751e8b465ee728b)
Start importing Assets/PolygonOffice/Materials/Misc using Guid(4bff11df8e3810a42b46019ba16afba4) Importer(815301076,1909f56bfc062723c751e8b465ee728b)  -> (artifact id: '68de12282651532180746028824c3948') in 0.002459 seconds 
  Import took 0.004864 seconds .

========================================================================
Received Import Request.
  Time since last request: 0.000649 seconds.
  path: Assets/PolygonOffice/Materials/Misc
  artifactKey: Guid(4bff11df8e3810a42b46019ba16afba4) Importer(815301076,1909f56bfc062723c751e8b465ee728b)
Start importing Assets/PolygonOffice/Materials/Misc using Guid(4bff11df8e3810a42b46019ba16afba4) Importer(815301076,1909f56bfc062723c751e8b465ee728b)  -> (artifact id: '68de12282651532180746028824c3948') in 0.002014 seconds 
  Import took 0.004600 seconds .

========================================================================
Received Import Request.
  Time since last request: 0.232646 seconds.
  path: Assets/PolygonOffice/Materials/Misc/PolygonOffice_Bubble_FX.mat
  artifactKey: Guid(0d959f9df49849143aa160f6d562a48e) Importer(815301076,1909f56bfc062723c751e8b465ee728b)
Start importing Assets/PolygonOffice/Materials/Misc/PolygonOffice_Bubble_FX.mat using Guid(0d959f9df49849143aa160f6d562a48e) Importer(815301076,1909f56bfc062723c751e8b465ee728b)  -> (artifact id: 'f7b219e4a247b3429d28248115535572') in 0.040839 seconds 
  Import took 0.042903 seconds .

========================================================================
Received Import Request.
  Time since last request: 0.000305 seconds.
  path: Assets/PolygonOffice/Materials/Misc/PolygonOffice_FX.mat
  artifactKey: Guid(917b7d7927f068640bad3a8ecf60502a) Importer(815301076,1909f56bfc062723c751e8b465ee728b)
Start importing Assets/PolygonOffice/Materials/Misc/PolygonOffice_FX.mat using Guid(917b7d7927f068640bad3a8ecf60502a) Importer(815301076,1909f56bfc062723c751e8b465ee728b)  -> (artifact id: '305e4384b66b3639d58bc1d43283e6db') in 0.026075 seconds 
  Import took 0.028600 seconds .

========================================================================
Received Import Request.
  Time since last request: 0.000263 seconds.
  path: Assets/PolygonOffice/Materials/Misc/PolygonOffice_Chrome_Material_01.mat
  artifactKey: Guid(8b616001269ae5546b54cc080086ae52) Importer(815301076,1909f56bfc062723c751e8b465ee728b)
Start importing Assets/PolygonOffice/Materials/Misc/PolygonOffice_Chrome_Material_01.mat using Guid(8b616001269ae5546b54cc080086ae52) Importer(815301076,1909f56bfc062723c751e8b465ee728b)  -> (artifact id: '9fc76bf290f83bb923df0642ea5809ee') in 0.021331 seconds 
  Import took 0.023419 seconds .

========================================================================
Received Import Request.
  Time since last request: 0.000307 seconds.
  path: Assets/PolygonOffice/Materials/Misc/PolygonOffice_Material_Net_01.mat
  artifactKey: Guid(e9c01e0146e035c469c8e04c17516854) Importer(815301076,1909f56bfc062723c751e8b465ee728b)
Start importing Assets/PolygonOffice/Materials/Misc/PolygonOffice_Material_Net_01.mat using Guid(e9c01e0146e035c469c8e04c17516854) Importer(815301076,1909f56bfc062723c751e8b465ee728b)  -> (artifact id: '47f6d303dc1cd28c220b8fe7ddda59c7') in 0.434350 seconds 
  Import took 0.437063 seconds .

========================================================================
Received Import Request.
  Time since last request: 0.000320 seconds.
  path: Assets/PolygonOffice/Materials/Misc/PolygonOffice_Material_Screen_02.mat
  artifactKey: Guid(c17521e96ec7f27409528e14f95944a1) Importer(815301076,1909f56bfc062723c751e8b465ee728b)
Start importing Assets/PolygonOffice/Materials/Misc/PolygonOffice_Material_Screen_02.mat using Guid(c17521e96ec7f27409528e14f95944a1) Importer(815301076,1909f56bfc062723c751e8b465ee728b)  -> (artifact id: 'b522c8843fc20060509d6935a4d20d9d') in 0.044940 seconds 
  Import took 0.047017 seconds .

========================================================================
Received Import Request.
  Time since last request: 0.000356 seconds.
  path: Assets/PolygonOffice/Materials/Misc/PolygonOffice_Material_Fishtank_Glass.mat
  artifactKey: Guid(fd0e2dcb610e08d4f87debb24c717e36) Importer(815301076,1909f56bfc062723c751e8b465ee728b)
Start importing Assets/PolygonOffice/Materials/Misc/PolygonOffice_Material_Fishtank_Glass.mat using Guid(fd0e2dcb610e08d4f87debb24c717e36) Importer(815301076,1909f56bfc062723c751e8b465ee728b)  -> (artifact id: 'f71f50959a01f45de1f92cf101dbd47e') in 0.026511 seconds 
  Import took 0.029371 seconds .

========================================================================
Received Import Request.
  Time since last request: 0.000226 seconds.
  path: Assets/PolygonOffice/Materials/Misc/PolygonOffice_Material_Screen_05.mat
  artifactKey: Guid(6468ce8e93c861f4ebaff024ef7cda8d) Importer(815301076,1909f56bfc062723c751e8b465ee728b)
Start importing Assets/PolygonOffice/Materials/Misc/PolygonOffice_Material_Screen_05.mat using Guid(6468ce8e93c861f4ebaff024ef7cda8d) Importer(815301076,1909f56bfc062723c751e8b465ee728b)  -> (artifact id: 'a577a2a52729c6fa281070bb7e9dc3e0') in 0.056833 seconds 
  Import took 0.059031 seconds .

========================================================================
Received Import Request.
  Time since last request: 0.000272 seconds.
  path: Assets/PolygonOffice/Materials/Misc/PolygonOffice_Material_Screen_03.mat
  artifactKey: Guid(666c5768a0f54d34295439b7ba464ea6) Importer(815301076,1909f56bfc062723c751e8b465ee728b)
Start importing Assets/PolygonOffice/Materials/Misc/PolygonOffice_Material_Screen_03.mat using Guid(666c5768a0f54d34295439b7ba464ea6) Importer(815301076,1909f56bfc062723c751e8b465ee728b)  -> (artifact id: 'bcc92fb60e9986d0f73db1c98bdfd534') in 0.061267 seconds 
  Import took 0.063184 seconds .

========================================================================
Received Import Request.
  Time since last request: 0.000433 seconds.
  path: Assets/PolygonOffice/Materials/Misc/PolygonOffice_Material_Screen_06.mat
  artifactKey: Guid(cee406e736c18544685de2c3bc2b1c2e) Importer(815301076,1909f56bfc062723c751e8b465ee728b)
Start importing Assets/PolygonOffice/Materials/Misc/PolygonOffice_Material_Screen_06.mat using Guid(cee406e736c18544685de2c3bc2b1c2e) Importer(815301076,1909f56bfc062723c751e8b465ee728b)  -> (artifact id: '962afb6baf775047616fe506ece8d614') in 0.023461 seconds 
  Import took 0.025447 seconds .

========================================================================
Received Import Request.
  Time since last request: 0.000264 seconds.
  path: Assets/PolygonOffice/Materials/Misc/PolygonOffice_Material_Screen_04.mat
  artifactKey: Guid(0189fe64ce77284408163a57470f42ae) Importer(815301076,1909f56bfc062723c751e8b465ee728b)
Start importing Assets/PolygonOffice/Materials/Misc/PolygonOffice_Material_Screen_04.mat using Guid(0189fe64ce77284408163a57470f42ae) Importer(815301076,1909f56bfc062723c751e8b465ee728b)  -> (artifact id: 'b61e0130bfeab723e3ecf8cca82a9d0f') in 0.027814 seconds 
  Import took 0.029688 seconds .

========================================================================
Received Import Request.
  Time since last request: 0.000293 seconds.
  path: Assets/PolygonOffice/Materials/Misc/PolygonOffice_Material_Screen_01.mat
  artifactKey: Guid(b2fc9034565b6084bb8519fb97146c01) Importer(815301076,1909f56bfc062723c751e8b465ee728b)
Start importing Assets/PolygonOffice/Materials/Misc/PolygonOffice_Material_Screen_01.mat using Guid(b2fc9034565b6084bb8519fb97146c01) Importer(815301076,1909f56bfc062723c751e8b465ee728b)  -> (artifact id: 'f1a132a21d49e3197ec8fb34fcf6d45a') in 0.033198 seconds 
  Import took 0.035110 seconds .

========================================================================
Received Import Request.
  Time since last request: 23.688569 seconds.
  path: Assets/PolygonOffice/Materials/Alts
  artifactKey: Guid(8ecdc7e758bd60742a9298d023f8eda4) Importer(815301076,1909f56bfc062723c751e8b465ee728b)
Start importing Assets/PolygonOffice/Materials/Alts using Guid(8ecdc7e758bd60742a9298d023f8eda4) Importer(815301076,1909f56bfc062723c751e8b465ee728b)  -> (artifact id: '6faa513d08df3c81a5ee432d4a825924') in 0.003084 seconds 
  Import took 0.005804 seconds .

========================================================================
Received Import Request.
  Time since last request: 0.180171 seconds.
  path: Assets/PolygonOffice/Materials/Alts/PolygonOffice_Material_01_B.mat
  artifactKey: Guid(965f4c26683184f45916936a132fa4ed) Importer(815301076,1909f56bfc062723c751e8b465ee728b)
Start importing Assets/PolygonOffice/Materials/Alts/PolygonOffice_Material_01_B.mat using Guid(965f4c26683184f45916936a132fa4ed) Importer(815301076,1909f56bfc062723c751e8b465ee728b)  -> (artifact id: '1ca7526c4afaf789d0f27359b63955b3') in 0.103526 seconds 
  Import took 0.106693 seconds .

========================================================================
Received Import Request.
  Time since last request: 0.000285 seconds.
  path: Assets/PolygonOffice/Materials/Alts/PolygonOffice_Material_02_C.mat
  artifactKey: Guid(b18548dd95545704eaf869f611fff3b0) Importer(815301076,1909f56bfc062723c751e8b465ee728b)
Start importing Assets/PolygonOffice/Materials/Alts/PolygonOffice_Material_02_C.mat using Guid(b18548dd95545704eaf869f611fff3b0) Importer(815301076,1909f56bfc062723c751e8b465ee728b)  -> (artifact id: '71a3f62e20336dd3037ab2098de9c696') in 0.107622 seconds 
  Import took 0.110107 seconds .

========================================================================
Received Import Request.
  Time since last request: 0.000281 seconds.
  path: Assets/PolygonOffice/Materials/Alts/PolygonOffice_Material_03_C.mat
  artifactKey: Guid(e7924aee75add284a95729dae20a4ec8) Importer(815301076,1909f56bfc062723c751e8b465ee728b)
Start importing Assets/PolygonOffice/Materials/Alts/PolygonOffice_Material_03_C.mat using Guid(e7924aee75add284a95729dae20a4ec8) Importer(815301076,1909f56bfc062723c751e8b465ee728b)  -> (artifact id: '1fbbe0e78c55bedb442680a7654367c3') in 0.085633 seconds 
  Import took 0.088202 seconds .

========================================================================
Received Import Request.
  Time since last request: 0.000294 seconds.
  path: Assets/PolygonOffice/Materials/Alts/PolygonOffice_Material_01_C.mat
  artifactKey: Guid(1581b0a86eef5824a887f7866fd56d9d) Importer(815301076,1909f56bfc062723c751e8b465ee728b)
Start importing Assets/PolygonOffice/Materials/Alts/PolygonOffice_Material_01_C.mat using Guid(1581b0a86eef5824a887f7866fd56d9d) Importer(815301076,1909f56bfc062723c751e8b465ee728b)  -> (artifact id: '853f1d5ea330f14d367dbae62bbc848a') in 0.107527 seconds 
  Import took 0.110727 seconds .

========================================================================
Received Import Request.
  Time since last request: 0.000214 seconds.
  path: Assets/PolygonOffice/Materials/Alts/PolygonOffice_Material_03_B.mat
  artifactKey: Guid(ace3c81b24532dd468f508743d5bd418) Importer(815301076,1909f56bfc062723c751e8b465ee728b)
Start importing Assets/PolygonOffice/Materials/Alts/PolygonOffice_Material_03_B.mat using Guid(ace3c81b24532dd468f508743d5bd418) Importer(815301076,1909f56bfc062723c751e8b465ee728b)  -> (artifact id: '7f4f3c82aebbb69f0a98b6c9f136bbff') in 0.085726 seconds 
  Import took 0.088304 seconds .

========================================================================
Received Import Request.
  Time since last request: 0.000285 seconds.
  path: Assets/PolygonOffice/Materials/Alts/PolygonOffice_Material_04_B.mat
  artifactKey: Guid(f8b187aafc911124eaef8339b32b0edb) Importer(815301076,1909f56bfc062723c751e8b465ee728b)
Start importing Assets/PolygonOffice/Materials/Alts/PolygonOffice_Material_04_B.mat using Guid(f8b187aafc911124eaef8339b32b0edb) Importer(815301076,1909f56bfc062723c751e8b465ee728b)  -> (artifact id: '148d668fef4f58d84b6b55b9f88f2aef') in 0.065554 seconds 
  Import took 0.068505 seconds .

========================================================================
Received Import Request.
  Time since last request: 0.000268 seconds.
  path: Assets/PolygonOffice/Materials/Alts/PolygonOffice_Material_02_B.mat
  artifactKey: Guid(4e77580f51320374e9c5946707ed00c3) Importer(815301076,1909f56bfc062723c751e8b465ee728b)
Start importing Assets/PolygonOffice/Materials/Alts/PolygonOffice_Material_02_B.mat using Guid(4e77580f51320374e9c5946707ed00c3) Importer(815301076,1909f56bfc062723c751e8b465ee728b)  -> (artifact id: '3e91b7195c4eec05f8636063982d4728') in 0.064966 seconds 
  Import took 0.067521 seconds .

========================================================================
Received Import Request.
  Time since last request: 0.000261 seconds.
  path: Assets/PolygonOffice/Materials/Alts/PolygonOffice_Material_04_C.mat
  artifactKey: Guid(5eaa716a0f18d104b8e3d8d45162863c) Importer(815301076,1909f56bfc062723c751e8b465ee728b)
Start importing Assets/PolygonOffice/Materials/Alts/PolygonOffice_Material_04_C.mat using Guid(5eaa716a0f18d104b8e3d8d45162863c) Importer(815301076,1909f56bfc062723c751e8b465ee728b)  -> (artifact id: 'd082c15faf2a4481eb9f314c6c9c9e62') in 0.086377 seconds 
  Import took 0.088883 seconds .

========================================================================
Received Import Request.
  Time since last request: 2.894099 seconds.
  path: Assets
  artifactKey: Guid(00000000000000001000000000000000) Importer(815301076,1909f56bfc062723c751e8b465ee728b)
Start importing Assets using Guid(00000000000000001000000000000000) Importer(815301076,1909f56bfc062723c751e8b465ee728b)  -> (artifact id: '42d402b061de3733987d63b9cc3b64de') in 0.001739 seconds 
  Import took 0.004445 seconds .

========================================================================
Received Import Request.
  Time since last request: 4.351670 seconds.
  path: Assets/Material
  artifactKey: Guid(62d1376e326f8d64fb531160b6f17030) Importer(815301076,1909f56bfc062723c751e8b465ee728b)
Start importing Assets/Material using Guid(62d1376e326f8d64fb531160b6f17030) Importer(815301076,1909f56bfc062723c751e8b465ee728b)  -> (artifact id: 'ba1b628b8afabfe1e7ec82e988a11e82') in 0.002648 seconds 
  Import took 0.006178 seconds .

========================================================================
Received Import Request.
  Time since last request: 8.035280 seconds.
  path: Assets/Material/New Material.mat
  artifactKey: Guid(ca4d15ef52bd85e4db13a3e47f25cfb5) Importer(815301076,1909f56bfc062723c751e8b465ee728b)
Start importing Assets/Material/New Material.mat using Guid(ca4d15ef52bd85e4db13a3e47f25cfb5) Importer(815301076,1909f56bfc062723c751e8b465ee728b)  -> (artifact id: '9b0efd357dcb5684e7913525e3d69a78') in 0.027065 seconds 
  Import took 0.041253 seconds .

========================================================================
Received Import Request.
  Time since last request: 266.630035 seconds.
  path: Assets/Red.mat
  artifactKey: Guid(8daf9928a131ee54c9d4000978df3d47) Importer(815301076,1909f56bfc062723c751e8b465ee728b)
Start importing Assets/Red.mat using Guid(8daf9928a131ee54c9d4000978df3d47) Importer(815301076,1909f56bfc062723c751e8b465ee728b)  -> (artifact id: '2512723f5b626a82b6005adb4a93bdeb') in 0.009652 seconds 
  Import took 0.012773 seconds .

========================================================================
Received Import Request.
  Time since last request: 22.931344 seconds.
  path: Assets/Blue.mat
  artifactKey: Guid(d9d66a0762dd4214782cf47139a094f4) Importer(815301076,1909f56bfc062723c751e8b465ee728b)
Start importing Assets/Blue.mat using Guid(d9d66a0762dd4214782cf47139a094f4) Importer(815301076,1909f56bfc062723c751e8b465ee728b)  -> (artifact id: 'ef6b9cd99e920e6fdfba482fd460e1ec') in 0.013298 seconds 
  Import took 0.015491 seconds .

========================================================================
Received Import Request.
  Time since last request: 36.159323 seconds.
  path: Assets/Materials
  artifactKey: Guid(ce2fee461fa7882409097ae1b715eb7a) Importer(815301076,1909f56bfc062723c751e8b465ee728b)
Start importing Assets/Materials using Guid(ce2fee461fa7882409097ae1b715eb7a) Importer(815301076,1909f56bfc062723c751e8b465ee728b)  -> (artifact id: 'd4f4fccb4eaae24ec0b8b0252ce0e379') in 0.002030 seconds 
  Import took 0.004526 seconds .

========================================================================
Received Import Request.
  Time since last request: 11.051541 seconds.
  path: Assets/Scripts
  artifactKey: Guid(53e4569d4b4c3584eb877c4b6c51bda6) Importer(815301076,1909f56bfc062723c751e8b465ee728b)
Start importing Assets/Scripts using Guid(53e4569d4b4c3584eb877c4b6c51bda6) Importer(815301076,1909f56bfc062723c751e8b465ee728b)  -> (artifact id: '1d01644642dc9f4df1ce4f0f5f4d6c26') in 0.002143 seconds 
  Import took 0.004471 seconds .

========================================================================
Received Import Request.
  Time since last request: 13.356263 seconds.
  path: Assets/Scripts/Movement Mgr.cs
  artifactKey: Guid(2836fdae5a145d549bb6852abb0a74ad) Importer(815301076,1909f56bfc062723c751e8b465ee728b)
Start importing Assets/Scripts/Movement Mgr.cs using Guid(2836fdae5a145d549bb6852abb0a74ad) Importer(815301076,1909f56bfc062723c751e8b465ee728b)  -> (artifact id: '4f64d95fbec2efb9b60c91538d0513db') in 0.010738 seconds 
  Import took 0.013025 seconds .

========================================================================
Received Prepare
Registering precompiled user dll's ...
Registered in 0.003076 seconds.
Begin MonoManager ReloadAssembly
Native extension for WindowsStandalone target not found
Refreshing native plugins compatible for Editor in 0.45 ms, found 2 plugins.
Preloading 0 native plugins for Editor in 0.00 ms.
Mono: successfully reloaded assembly
- Completed reload, in  0.852 seconds
Domain Reload Profiling:
	ReloadAssembly (852ms)
		BeginReloadAssembly (111ms)
			ExecutionOrderSort (0ms)
			DisableScriptedObjects (3ms)
			BackupInstance (0ms)
			ReleaseScriptingObjects (0ms)
			CreateAndSetChildDomain (31ms)
		EndReloadAssembly (677ms)
			LoadAssemblies (84ms)
			RebuildTransferFunctionScriptingTraits (0ms)
			SetupTypeCache (240ms)
			ReleaseScriptCaches (1ms)
			RebuildScriptCaches (32ms)
			SetupLoadedEditorAssemblies (241ms)
				LogAssemblyErrors (0ms)
				InitializePlatformSupportModulesInManaged (5ms)
				SetLoadedEditorAssemblies (0ms)
				RefreshPlugins (1ms)
				BeforeProcessingInitializeOnLoad (59ms)
				ProcessInitializeOnLoadAttributes (167ms)
				ProcessInitializeOnLoadMethodAttributes (4ms)
				AfterProcessingInitializeOnLoad (5ms)
				EditorAssembliesLoaded (0ms)
			ExecutionOrderSort2 (0ms)
			AwakeInstancesAfterBackupRestoration (6ms)
Platform modules already initialized, skipping
Refreshing native plugins compatible for Editor in 0.49 ms, found 2 plugins.
Preloading 0 native plugins for Editor in 0.00 ms.
Unloading 1391 Unused Serialized files (Serialized files now loaded: 0)
System memory in use before: 69.5 MB.
System memory in use after: 69.6 MB.

Unloading 11 unused Assets to reduce memory usage. Loaded Objects now: 1875.
Total: 2.399900 ms (FindLiveObjects: 0.156900 ms CreateObjectMapping: 0.047800 ms MarkObjects: 2.179500 ms  DeleteObjects: 0.014800 ms)

AssetImportParameters requested are different than current active one (requested -> active):
  custom:framework-win-MediaFoundation: 216162199b28c13a410421893ffa2e32 -> 
  custom:video-decoder-ogg-theora: a1e56fd34408186e4bbccfd4996cb3dc -> 
  custom:container-muxer-webm: aa71ff27fc2769a1b78a27578f13a17b -> 
  custom:container-demuxer-webm: 4f35f7cbe854078d1ac9338744f61a02 -> 
  custom:container-demuxer-ogg: 62fdf1f143b41e24485cea50d1cbac27 -> 
  custom:video-encoder-webm-vp8: eb34c28f22e8b96e1ab97ce403110664 -> 
  custom:video-decoder-webm-vp8: 9c59270c3fd7afecdb556c50c9e8de78 -> 
  custom:audio-decoder-ogg-vorbis: bf7c407c2cedff20999df2af8eb42d56 -> 
  custom:audio-encoder-webm-vorbis: bf7c407c2cedff20999df2af8eb42d56 -> 
AssetImportWorkerClient::OnTransportError - code=2 error=End of file
